<?xml version="1.0" encoding="UTF-8"?>
<!-- Generated by org.testng.reporters.JUnitReportReporter -->
<testsuite hostname="DESKTOP-7SAFDGB" failures="0" tests="4" name="selnium.MyFirstMavenProject.AssertsInTestNG.PrioritiesInTestNG" time="0.046" errors="0" timestamp="2023-03-01T12:03:27 IST" skipped="0">
  <testcase classname="selnium.MyFirstMavenProject.AssertsInTestNG.PrioritiesInTestNG" name="D" time="0.030"/>
  <system-out/>
  <testcase classname="selnium.MyFirstMavenProject.AssertsInTestNG.PrioritiesInTestNG" name="B" time="0.004"/>
  <system-out/>
  <testcase classname="selnium.MyFirstMavenProject.AssertsInTestNG.PrioritiesInTestNG" name="C" time="0.006"/>
  <system-out/>
  <testcase classname="selnium.MyFirstMavenProject.AssertsInTestNG.PrioritiesInTestNG" name="A" time="0.006"/>
  <system-out/>
</testsuite> <!-- selnium.MyFirstMavenProject.AssertsInTestNG.PrioritiesInTestNG -->
